16:02:19 D Log 打开日志文件 logs/23.12.2011.log 成功
16:02:19 D Log 日志系统初始化
16:02:19 T Trace invoke from c++
16:02:19 D Log 日志系统关闭
16:42:01 D Log 打开日志文件 logs/23.12.2011.log 成功
16:42:01 D Log 日志系统初始化
16:42:01 D Net TCP服务启动成功 6061
16:42:03 T Trace 信号 2 产生:Success
16:42:03 T Trace 线程 0 退出
16:42:03 T Trace 线程 1 退出
16:42:03 T Trace 线程 2 退出
16:42:03 T Trace tick
16:42:03 T Trace tick
16:42:03 T Trace tick
16:42:03 T Trace tick
16:42:03 T Trace tick
16:42:04 T Trace tick
16:42:04 T Trace tick
16:42:04 T Trace tick
16:42:04 T Trace tick
16:42:04 T Trace tick
16:42:04 T Trace tick
16:42:04 T Trace tick
16:42:04 T Trace tick
16:42:04 T Trace tick
16:42:05 T Trace tick
16:42:05 T Trace tick
16:42:05 T Trace tick
16:42:05 T Trace tick
16:42:05 T Trace tick
16:42:05 T Trace tick
16:42:05 T Trace tick
16:42:05 T Trace tick
16:42:05 T Trace tick
16:42:05 T Trace tick
16:42:06 T Trace tick
16:42:06 T Trace tick
16:42:06 L Signal 捕获信号 2
16:42:06 D Conn 连接被回收
16:42:06 D Log 日志系统关闭
16:43:53 D Log 打开日志文件 logs/23.12.2011.log 成功
16:43:53 D Log 日志系统初始化
16:43:53 D Net TCP服务启动成功 6061
16:43:55 T Trace 信号 2 产生:Success
16:43:55 T Trace 线程 0 退出
16:43:55 T Trace 线程 1 退出
16:43:55 T Trace 线程 2 退出
16:43:55 T Trace tick
16:43:55 T Trace tick
16:43:55 T Trace tick
16:43:55 T Trace tick
16:43:55 T Trace tick
16:43:55 T Trace tick
16:43:55 T Trace tick
16:43:55 T Trace tick
16:43:55 T Trace tick
16:43:55 T Trace tick
16:43:56 T Trace tick
16:43:56 T Trace tick
16:43:56 T Trace tick
16:43:56 T Trace tick
16:43:56 T Trace tick
16:43:56 T Trace tick
16:43:56 T Trace tick
16:43:56 T Trace tick
16:43:56 L Signal 捕获信号 2
16:43:56 D Conn 连接被回收
16:43:56 D Log 日志系统关闭
16:47:48 D Log 打开日志文件 logs/23.12.2011.log 成功
16:47:48 D Log 日志系统初始化
16:47:48 D Net TCP服务启动成功 6061
16:47:48 T Trace tick
16:47:48 T Trace tick
16:47:48 T Trace tick
16:47:48 T Trace tick
16:47:48 T Trace tick
16:47:48 T Trace tick
16:47:49 T Trace tick
16:47:49 T Trace tick
16:47:49 T Trace tick
16:47:49 T Trace tick
16:47:49 T Trace tick
16:47:49 T Trace tick
16:47:49 T Trace tick
16:47:49 T Trace tick
16:47:49 T Trace tick
16:47:50 T Trace tick
16:47:50 T Trace 信号 2 产生:Success
16:47:50 T Trace 线程 0 退出
16:47:50 T Trace 线程 1 退出
16:47:50 T Trace 线程 2 退出
16:47:50 T Trace tick
16:47:50 T Trace tick
16:47:50 T Trace tick
16:47:50 T Trace tick
16:47:50 T Trace tick
16:47:50 T Trace tick
16:47:50 T Trace tick
16:47:50 T Trace tick
16:47:50 T Trace tick
16:47:51 T Trace tick
16:47:51 T Trace tick
16:47:51 T Trace tick
16:47:51 T Trace tick
16:47:51 T Trace tick
16:47:51 T Trace tick
16:47:51 T Trace tick
16:47:51 T Trace tick
16:47:51 T Trace tick
16:47:51 T Trace tick
16:47:52 T Trace tick
16:47:52 T Trace tick
16:47:52 T Trace tick
16:47:52 T Trace tick
16:47:52 T Trace tick
16:47:52 T Trace tick
16:47:52 T Trace tick
16:47:52 T Trace tick
16:47:52 T Trace tick
16:47:52 T Trace tick
16:47:53 T Trace tick
16:47:53 T Trace tick
16:47:53 T Trace tick
16:47:53 T Trace tick
16:47:53 T Trace tick
16:47:53 T Trace tick
16:47:53 T Trace tick
16:47:53 T Trace tick
16:47:53 T Trace tick
16:47:53 T Trace tick
16:47:54 T Trace tick
16:47:54 T Trace tick
16:47:54 T Trace tick
16:47:54 T Trace tick
16:47:54 T Trace tick
16:47:54 T Trace tick
16:47:54 T Trace tick
16:47:54 T Trace tick
16:47:54 T Trace tick
16:47:55 T Trace tick
16:47:55 T Trace tick
16:47:55 T Trace tick
16:47:55 T Trace tick
16:47:55 T Trace tick
16:47:55 T Trace tick
16:47:55 T Trace tick
16:47:55 T Trace tick
16:47:55 T Trace tick
16:47:55 T Trace tick
16:47:56 T Trace tick
16:47:56 T Trace tick
16:47:56 T Trace tick
16:47:56 T Trace tick
16:47:56 T Trace tick
16:47:56 T Trace tick
16:47:56 T Trace tick
16:47:56 T Trace tick
16:47:56 T Trace tick
16:47:56 T Trace tick
16:47:57 T Trace tick
16:47:57 T Trace tick
16:47:57 T Trace tick
16:47:57 T Trace tick
16:47:57 T Trace tick
16:47:57 T Trace tick
16:47:57 T Trace tick
16:47:57 T Trace tick
16:47:57 T Trace tick
16:47:57 T Trace tick
16:47:58 T Trace tick
16:47:58 T Trace tick
16:47:58 T Trace tick
16:47:58 T Trace tick
16:47:58 T Trace tick
16:47:58 T Trace tick
16:47:58 T Trace tick
16:48:07 T Trace tick
16:48:07 T Trace tick
16:48:07 T Trace tick
16:48:07 T Trace tick
16:48:07 T Trace tick
16:48:07 T Trace tick
16:48:07 T Trace tick
16:48:07 T Trace tick
16:48:07 T Trace tick
16:48:07 T Trace tick
16:48:08 T Trace tick
16:48:08 T Trace tick
16:48:08 T Trace tick
16:48:08 T Trace tick
16:48:08 T Trace tick
16:48:08 T Trace tick
16:48:08 T Trace tick
16:48:08 T Trace tick
16:48:08 T Trace tick
16:48:08 T Trace tick
16:48:09 T Trace tick
16:48:09 T Trace tick
16:48:09 T Trace tick
16:48:09 T Trace tick
16:48:09 T Trace tick
16:48:09 T Trace tick
16:48:09 T Trace tick
16:48:09 T Trace tick
16:48:09 T Trace tick
16:48:09 T Trace tick
16:49:05 D Log 打开日志文件 logs/23.12.2011.log 成功
16:49:05 D Log 日志系统初始化
16:49:05 D Net TCP服务启动成功 6061
16:49:05 T Trace tick
16:49:05 T Trace tick
16:49:05 T Trace tick
16:49:05 T Trace tick
16:49:05 T Trace tick
16:49:06 T Trace tick
16:49:06 T Trace tick
16:49:06 L Signal 捕获信号 2
16:49:06 D Conn 连接被回收
16:49:06 D Log 日志系统关闭
16:51:15 D Log 打开日志文件 logs/23.12.2011.log 成功
16:51:15 D Log 日志系统初始化
16:51:15 D Net TCP服务启动成功 6061
16:51:15 T Trace tick
16:51:15 T Trace tick
16:51:15 T Trace tick
16:51:15 T Trace tick
16:51:15 T Trace tick
16:51:15 T Trace tick
16:51:15 T Trace tick
16:51:15 T Trace tick
16:51:16 T Trace tick
16:51:16 T Trace tick
16:51:16 T Trace tick
16:51:16 T Trace tick
16:51:16 L Signal 捕获信号 2
16:51:16 T Trace 线程 0 退出
16:51:16 T Trace 线程 1 退出
16:51:16 T Trace 线程 2 退出
16:51:16 D Conn 连接被回收
16:51:16 D Log 日志系统关闭
16:52:12 D Log 打开日志文件 logs/23.12.2011.log 成功
16:52:12 D Log 日志系统初始化
16:52:12 D Net TCP服务启动成功 6061
16:52:12 T Trace tick
16:52:12 T Trace tick
16:52:12 T Trace tick
16:52:12 T Trace tick
16:52:12 T Trace tick
16:52:12 T Trace tick
16:52:12 T Trace tick
16:52:12 T Trace tick
16:52:13 L Signal 捕获信号 2
16:52:13 T Trace 线程 0 退出
16:52:13 T Trace 线程 1 退出
16:52:13 T Trace 线程 2 退出
16:52:13 D Conn 连接被回收
16:52:13 D Log 日志系统关闭
16:58:23 D Log 打开日志文件 logs/23.12.2011.log 成功
16:58:23 D Log 日志系统初始化
16:58:23 D Net TCP服务启动成功 6061
16:58:23 T Trace tick
16:58:23 T Trace tick
16:58:23 T Trace tick
16:58:23 T Trace tick
16:58:23 T Trace tick
16:58:23 T Trace tick
16:58:23 T Trace tick
16:58:23 T Trace tick
16:58:24 T Trace tick
16:58:24 L Signal 捕获信号 2
16:58:24 T Trace 线程 {Not-any-thread} 退出
16:58:24 T Trace 线程 {Not-any-thread} 退出
16:58:24 T Trace 线程 {Not-any-thread} 退出
16:58:24 D Conn 连接被回收
16:58:24 D Log 日志系统关闭
16:58:56 D Log 打开日志文件 logs/23.12.2011.log 成功
16:58:56 D Log 日志系统初始化
16:58:56 D Net TCP服务启动成功 6061
16:58:56 T Trace tick
16:58:56 T Trace tick
16:58:56 T Trace tick
16:58:56 T Trace tick
16:58:56 T Trace tick
16:58:56 T Trace tick
16:58:56 T Trace tick
16:58:56 L Signal 捕获信号 2
16:58:56 T Trace 线程 0x9aa5a38 退出
16:58:56 T Trace 线程 0x9aa5c38 退出
16:58:56 T Trace 线程 0x9aa5e30 退出
16:58:57 D Conn 连接被回收
16:58:57 D Log 日志系统关闭
16:59:41 D Log 打开日志文件 logs/23.12.2011.log 成功
16:59:41 D Log 日志系统初始化
16:59:41 D Net TCP服务启动成功 6061
16:59:41 T Trace tick
16:59:42 T Trace tick
16:59:42 T Trace tick
16:59:42 T Trace tick
16:59:42 T Trace tick
16:59:42 T Trace tick
16:59:42 T Trace tick
16:59:42 T Trace tick
16:59:42 T Trace tick
16:59:42 T Trace tick
16:59:42 T Trace tick
16:59:43 T Trace tick
16:59:43 L Signal 捕获信号 2
16:59:43 T Trace 网络从线程 0 [0x9db5a38] 退出
16:59:43 T Trace 网络从线程 1 [0x9db5c38] 退出
16:59:43 T Trace 网络从线程 2 [0x9db5e30] 退出
16:59:43 D Conn 连接被回收
16:59:43 D Log 日志系统关闭
17:00:13 D Log 打开日志文件 logs/23.12.2011.log 成功
17:00:13 D Log 日志系统初始化
17:00:13 D Net TCP服务启动成功 6061
17:00:13 T Trace tick
17:00:13 T Trace tick
17:00:13 T Trace tick
17:00:13 T Trace tick
17:00:13 T Trace tick
17:00:14 T Trace tick
17:00:14 T Trace tick
17:00:14 T Trace tick
17:00:14 T Trace tick
17:00:14 T Trace tick
17:00:14 L Signal 捕获信号 2
17:00:14 D Net 网络从线程 0 [0x9c56a38] 退出
17:00:14 D Net 网络从线程 1 [0x9c56c38] 退出
17:00:14 D Net 网络从线程 2 [0x9c56e30] 退出
17:00:14 D Conn 连接被回收
17:00:14 D Log 日志系统关闭
17:35:20 D Log 打开日志文件 logs/23.12.2011.log 成功
17:35:20 D Log 日志系统初始化
17:35:20 D Net TCP服务启动成功 6061
17:35:20 T Trace tick
17:35:20 T Trace tick
17:35:20 T Trace tick
17:35:20 T Trace tick
17:35:20 T Trace tick
17:35:20 T Trace tick
17:35:20 T Trace tick
17:35:21 T Trace tick
17:35:21 T Trace tick
17:35:21 T Trace tick
17:35:21 T Trace tick
17:35:21 T Trace tick
17:35:21 T Trace tick
17:35:21 T Trace tick
17:35:21 T Trace tick
17:35:21 L Signal 捕获信号 2
17:35:21 D Net 网络从线程 0 [0x8697a68] 退出
17:35:21 D Net 网络从线程 1 [0x8697c68] 退出
17:35:21 D Net 网络从线程 2 [0x8697e90] 退出
17:35:21 D Conn 连接被回收
17:35:21 D Log 日志系统关闭
17:35:42 D Log 打开日志文件 logs/23.12.2011.log 成功
17:35:42 D Log 日志系统初始化
17:35:42 D Net TCP服务启动成功 6061
17:35:42 T Trace tick
17:35:42 T Trace tick
17:35:42 T Trace tick
17:35:42 T Trace tick
17:35:42 T Trace tick
17:35:42 T Trace tick
17:35:42 T Trace tick
17:35:42 T Trace tick
17:35:42 T Trace tick
17:35:43 T Trace tick
17:35:43 L Signal 捕获信号 2
17:35:43 D Net 网络从线程 0 [0x9bf3940] 退出
17:35:43 D Net 网络从线程 1 [0x9bf6e00] 退出
17:35:43 D Net 网络从线程 2 [0x9c4b210] 退出
17:35:43 D Conn 连接被回收
17:35:43 D Log 日志系统关闭
17:36:18 D Log 打开日志文件 logs/23.12.2011.log 成功
17:36:18 D Log 日志系统初始化
17:36:18 D Net TCP服务启动成功 6061
17:36:18 T Trace tick
17:36:18 T Trace tick
17:36:18 T Trace tick
17:36:18 T Trace tick
17:36:19 T Trace tick
17:36:19 T Trace tick
17:36:19 T Trace tick
17:36:19 T Trace tick
17:36:19 T Trace tick
17:36:19 T Trace tick
17:36:19 T Trace tick
17:36:19 L Signal 捕获信号 2
17:36:19 D Net 网络从线程 0 [0x93e4940] 退出
17:36:19 D Net 网络从线程 1 [0x93e7e00] 退出
17:36:19 D Net 网络从线程 2 [0x943c210] 退出
17:36:19 D Conn 连接被回收
17:36:19 D Log 日志系统关闭
