2011-Dec-27 16:04:07.014168 D Log 打开日志文件 logs/27.12.2011.log 成功
2011-Dec-27 16:04:07.016712 D Log 日志系统初始化
2011-Dec-27 16:04:07.017891 D Net TCP服务启动成功 6061
2011-Dec-27 16:04:07.020801 T Trace tick
2011-Dec-27 16:04:07.123142 T Trace tick
2011-Dec-27 16:04:07.224058 T Trace tick
2011-Dec-27 16:04:07.326562 T Trace tick
2011-Dec-27 16:04:07.428317 T Trace tick
2011-Dec-27 16:04:07.531050 T Trace tick
2011-Dec-27 16:04:07.632040 T Trace tick
2011-Dec-27 16:04:07.733625 T Trace tick
2011-Dec-27 16:04:07.836012 T Trace tick
2011-Dec-27 16:04:07.840951 L Signal 捕获信号 2
2011-Dec-27 16:04:07.843085 D Net 网络从线程 0 [0x83e4268] 退出
2011-Dec-27 16:04:07.844726 D Net 网络从线程 1 [0x83e4468] 退出
2011-Dec-27 16:04:07.846099 D Net 网络从线程 2 [0x83e4660] 退出
2011-Dec-27 16:04:07.938512 D Conn 连接被回收
2011-Dec-27 16:04:07.944225 D Log 日志系统关闭
2011-Dec-27 16:04:45.668531 D Log 打开日志文件 logs/27.12.2011.log 成功
2011-Dec-27 16:04:45.670062 D Log 日志系统初始化
2011-Dec-27 16:04:45.671424 D Net TCP服务启动成功 6061
2011-Dec-27 16:04:45.673707 T Trace tick
2011-Dec-27 16:04:45.775316 T Trace tick
2011-Dec-27 16:04:45.877275 T Trace tick
2011-Dec-27 16:04:45.979357 T Trace tick
2011-Dec-27 16:04:46.081342 T Trace tick
2011-Dec-27 16:04:46.183329 T Trace tick
2011-Dec-27 16:04:46.286329 T Trace tick
2011-Dec-27 16:04:46.389774 T Trace tick
2011-Dec-27 16:04:46.491673 T Trace tick
2011-Dec-27 16:04:46.592566 T Trace tick
2011-Dec-27 16:04:46.695374 T Trace tick
2011-Dec-27 16:04:46.799406 T Trace tick
2011-Dec-27 16:04:46.906388 T Trace tick
2011-Dec-27 16:04:47.011507 T Trace tick
2011-Dec-27 16:04:47.112650 T Trace tick
2011-Dec-27 16:04:47.213431 T Trace tick
2011-Dec-27 16:04:47.314443 T Trace tick
2011-Dec-27 16:04:47.415635 T Trace tick
2011-Dec-27 16:04:47.517012 T Trace tick
2011-Dec-27 16:04:47.619336 T Trace tick
2011-Dec-27 16:04:47.721319 T Trace tick
2011-Dec-27 16:04:47.791636 L Signal 捕获信号 2
2011-Dec-27 16:04:47.793026 D Net 网络从线程 0 [0x8ecd268] 退出
2011-Dec-27 16:04:47.794013 D Net 网络从线程 1 [0x8ecd468] 退出
2011-Dec-27 16:04:47.795361 D Net 网络从线程 2 [0x8ecd660] 退出
2011-Dec-27 16:04:47.825574 D Conn 连接被回收
2011-Dec-27 16:04:47.826936 D Log 日志系统关闭
2011-Dec-27 16:05:07.287945 D Log 打开日志文件 logs/27.12.2011.log 成功
2011-Dec-27 16:05:07.289565 D Log 日志系统初始化
2011-Dec-27 16:05:07.290587 D Net TCP服务启动成功 6061
2011-Dec-27 16:05:07.292616 T Trace tick
2011-Dec-27 16:05:07.394531 T Trace tick
2011-Dec-27 16:05:07.496488 T Trace tick
2011-Dec-27 16:05:07.597846 T Trace tick
2011-Dec-27 16:05:07.698515 T Trace tick
2011-Dec-27 16:05:07.799515 T Trace tick
2011-Dec-27 16:05:07.901527 T Trace tick
2011-Dec-27 16:05:08.003516 T Trace tick
2011-Dec-27 16:05:08.104569 T Trace tick
2011-Dec-27 16:05:08.144826 L Signal 捕获信号 2
2011-Dec-27 16:05:08.146253 D Net 网络从线程 0 [0x8b3b268] 退出
2011-Dec-27 16:05:08.147331 D Net 网络从线程 1 [0x8b3b468] 退出
2011-Dec-27 16:05:08.148309 D Net 网络从线程 2 [0x8b3b660] 退出
2011-Dec-27 16:05:08.204797 D Conn 连接被回收
2011-Dec-27 16:05:08.206191 D Log 日志系统关闭
2011-Dec-27 16:09:53.969623 D Log 打开日志文件 logs/27.12.2011.log 成功
2011-Dec-27 16:09:53.970062 D Log 日志系统初始化
2011-Dec-27 16:09:53.970142 D Net TCP服务启动成功 6061
2011-Dec-27 16:10:04.642827 D Net 127.0.0.1 连接进入
2011-Dec-27 16:10:04.646642 T Trace 接收到完整的包, xxxxxxxxxx
2011-Dec-27 16:10:05.643751 T Trace 接收到完整的包, xxxxxxxxxx
2011-Dec-27 16:10:06.645664 T Trace 接收到完整的包, xxxxxxxxxx
2011-Dec-27 16:10:07.648096 T Trace 接收到完整的包, xxxxxxxxxx
2011-Dec-27 16:10:08.650010 T Trace 接收到完整的包, xxxxxxxxxx
2011-Dec-27 16:10:09.505843 D Net 127.0.0.1 连接离开
2011-Dec-27 16:10:09.593684 D Conn 连接被回收
2011-Dec-27 16:11:23.156765 D Net 127.0.0.1 连接进入
2011-Dec-27 16:11:23.159151 T Trace 接收到完整的包, xxxxxxxxxx
2011-Dec-27 16:11:24.157591 T Trace 接收到完整的包, xxxxxxxxxx
2011-Dec-27 16:11:25.160523 T Trace 接收到完整的包, xxxxxxxxxx
2011-Dec-27 16:11:26.163505 T Trace 接收到完整的包, xxxxxxxxxx
2011-Dec-27 16:11:27.166172 T Trace 接收到完整的包, xxxxxxxxxx
2011-Dec-27 16:11:28.169703 T Trace 接收到完整的包, xxxxxxxxxx
2011-Dec-27 16:11:29.172663 T Trace 接收到完整的包, xxxxxxxxxx
2011-Dec-27 16:11:30.175580 T Trace 接收到完整的包, xxxxxxxxxx
2011-Dec-27 16:11:31.178574 T Trace 接收到完整的包, xxxxxxxxxx
2011-Dec-27 16:11:32.181827 T Trace 接收到完整的包, xxxxxxxxxx
2011-Dec-27 16:11:33.184849 T Trace 接收到完整的包, xxxxxxxxxx
2011-Dec-27 16:11:33.997558 D Net 127.0.0.1 连接离开
2011-Dec-27 16:11:34.095583 D Conn 连接被回收
2011-Dec-27 16:13:18.400960 L Signal 捕获信号 2
2011-Dec-27 16:13:18.409276 D Net 网络从线程 0 [0x9d3e268] 退出
2011-Dec-27 16:13:18.413287 D Net 网络从线程 1 [0x9d3e468] 退出
2011-Dec-27 16:13:18.420759 D Net 网络从线程 2 [0x9d3e660] 退出
2011-Dec-27 16:13:18.481839 D Conn 连接被回收
2011-Dec-27 16:13:18.484542 D Log 日志系统关闭
2011-Dec-27 16:13:27.231353 D Log 打开日志文件 logs/27.12.2011.log 成功
2011-Dec-27 16:13:27.414604 D Log 日志系统初始化
2011-Dec-27 16:13:27.419158 D Net TCP服务启动成功 6061
2011-Dec-27 16:13:34.947701 D Net 127.0.0.1 连接进入
2011-Dec-27 16:13:35.023293 T Trace 接收到完整的包, xxxxxxxxxx
2011-Dec-27 16:13:35.770930 T Trace 接收到完整的包, xxxxxxxxxx
2011-Dec-27 16:13:36.775865 T Trace 接收到完整的包, xxxxxxxxxx
2011-Dec-27 16:13:37.780796 T Trace 接收到完整的包, xxxxxxxxxx
2011-Dec-27 16:13:37.925435 D Net 127.0.0.1 连接离开
2011-Dec-27 16:13:38.014491 D Conn 连接被回收
2011-Dec-27 16:13:40.707178 D Net 127.0.0.1 连接进入
2011-Dec-27 16:13:40.713792 T Trace 接收到完整的包, xxxxxxxxxx
2011-Dec-27 16:13:41.706598 T Trace 接收到完整的包, xxxxxxxxxx
2011-Dec-27 16:13:42.711751 T Trace 接收到完整的包, xxxxxxxxxx
2011-Dec-27 16:13:42.780381 D Net 127.0.0.1 连接离开
2011-Dec-27 16:13:42.787946 D Conn 连接被回收
2011-Dec-27 16:13:45.645764 L Signal 捕获信号 2
2011-Dec-27 16:13:45.694911 D Net 网络从线程 0 [0x40ec6b8] 退出
2011-Dec-27 16:13:45.723639 D Conn 连接被回收
2011-Dec-27 16:13:45.829198 D Log 日志系统关闭
2011-Dec-27 16:15:38.390699 D Log 打开日志文件 logs/27.12.2011.log 成功
2011-Dec-27 16:15:38.567545 D Log 日志系统初始化
2011-Dec-27 16:15:38.570649 D Net TCP服务启动成功 6061
2011-Dec-27 16:15:44.439230 D Net 127.0.0.1 连接进入
2011-Dec-27 16:15:44.510724 T Trace 接收到完整的包, xxxxxxxxxx
2011-Dec-27 16:15:45.260077 T Trace 接收到完整的包, xxxxxxxxxx
2011-Dec-27 16:15:45.934864 D Net 127.0.0.1 连接离开
2011-Dec-27 16:15:45.964473 D Conn 连接被回收
2011-Dec-27 16:15:48.271658 D Net 127.0.0.1 连接进入
2011-Dec-27 16:15:48.275841 T Trace 接收到完整的包, xxxxxxxxxx
2011-Dec-27 16:15:49.272438 T Trace 接收到完整的包, xxxxxxxxxx
2011-Dec-27 16:15:49.886905 D Net 127.0.0.1 连接离开
2011-Dec-27 16:15:49.943905 D Conn 连接被回收
2011-Dec-27 16:15:54.572953 L Signal 捕获信号 2
2011-Dec-27 16:15:54.6383642011-Dec-27 16:15:54.666278 D Conn 连接被回收
2011-Dec-27 16:15:54.773637 D Log 日志系统关闭
2011-Dec-27 16:20:00.776650 D Log 打开日志文件 logs/27.12.2011.log 成功
2011-Dec-27 16:20:00.956614 D Log 日志系统初始化
2011-Dec-27 16:20:00.959794 D Net TCP服务启动成功 6061
2011-Dec-27 16:20:02.137224 L Signal 捕获信号 2
2011-Dec-27 16:20:02.198383 D Net 网络从线程 0 [0x40ec6b8] 退出
2011-Dec-27 16:20:02.200860 D Net 网络从线程 1 [0x40ec9e8] 退出
2011-Dec-27 16:20:02.202441 D Net 网络从线程 2 [0x40ecf98] 退出
2011-Dec-27 16:20:02.281712 D Conn 连接被回收
2011-Dec-27 16:20:02.472067 D Log 日志系统关闭
2011-Dec-27 16:20:39.501771 D Log 打开日志文件 logs/27.12.2011.log 成功
2011-Dec-27 16:20:39.683655 D Log 日志系统初始化
2011-Dec-27 16:20:39.688131 D Net TCP服务启动成功 6061
2011-Dec-27 16:20:40.952393 L Signal 捕获信号 2
2011-Dec-27 16:20:41.0174252011-Dec-27 16:20:41.055801 D Conn 连接被回收
2011-Dec-27 16:20:41.229575 D Log 日志系统关闭
2011-Dec-27 16:20:58.720610 D Log 打开日志文件 logs/27.12.2011.log 成功
2011-Dec-27 16:20:58.897947 D Log 日志系统初始化
2011-Dec-27 16:20:58.902056 D Net TCP服务启动成功 6061
2011-Dec-27 16:20:59.911957 L Signal 捕获信号 2
2011-Dec-27 16:20:59.974858 D Net 网络从线程 0 [0x40ec6b8] 退出
2011-Dec-27 16:20:59.978537 D Net 网络从线程 1 [0x40ec9e8] 退出
2011-Dec-27 16:20:59.982067 D Net 网络从线程 2 [0x40ecfd0] 退出
2011-Dec-27 16:21:00.060481 D Conn 连接被回收
2011-Dec-27 16:21:00.260172 D Log 日志系统关闭
2011-Dec-27 16:21:04.825116 D Log 打开日志文件 logs/27.12.2011.log 成功
2011-Dec-27 16:21:05.014118 D Log 日志系统初始化
2011-Dec-27 16:21:05.020118 D Net TCP服务启动成功 6061
2011-Dec-27 16:21:06.263793 L Signal 捕获信号 2
2011-Dec-27 16:21:06.354075 D Conn 连接被回收
2011-Dec-27 16:21:06.476387 D Log 日志系统关闭
2011-Dec-27 16:23:35.480081 D Log 打开日志文件 logs/27.12.2011.log 成功
2011-Dec-27 16:23:35.660654 D Log 日志系统初始化
2011-Dec-27 16:23:35.666106 D Net TCP服务启动成功 6061
2011-Dec-27 16:23:36.870660 L Signal 捕获信号 2
2011-Dec-27 16:23:36.929667 D Net 网络从线程 0 [0x40ec6b8] 退出
2011-Dec-27 16:23:36.935359 D Net 网络从线程 1 [0x40ec9e8] 退出
2011-Dec-27 16:23:36.937998 D Net 网络从线程 2 [0x40ecf98] 退出
2011-Dec-27 16:23:37.016458 D Conn 连接被回收
2011-Dec-27 16:23:37.216670 D Log 日志系统关闭
2011-Dec-27 16:24:20.623299 D Log 打开日志文件 logs/27.12.2011.log 成功
2011-Dec-27 16:24:20.803365 D Log 日志系统初始化
2011-Dec-27 16:24:20.807748 D Net TCP服务启动成功 6061
2011-Dec-27 16:24:22.438290 L Signal 捕获信号 2
2011-Dec-27 16:24:22.522132 D Conn 连接被回收
2011-Dec-27 16:24:22.644133 D Log 日志系统关闭
2011-Dec-27 16:25:57.247613 D Log 打开日志文件 logs/27.12.2011.log 成功
2011-Dec-27 16:25:57.431100 D Log 日志系统初始化
2011-Dec-27 16:25:57.435661 D Net TCP服务启动成功 6061
2011-Dec-27 16:26:02.631153 L Signal 捕获信号 2
2011-Dec-27 16:26:02.722067 D Net 网络从线程 0 [0x40ec6b8] 退出
2011-Dec-27 16:26:02.726713 D Net 网络从线程 1 [0x40ecc60] 退出
2011-Dec-27 16:26:02.730603 D Net 网络从线程 2 [0x40ed010] 退出
2011-Dec-27 16:26:02.792746 D Conn 连接被回收
2011-Dec-27 16:26:02.988760 D Log 日志系统关闭
2011-Dec-27 16:26:07.839206 D Log 打开日志文件 logs/27.12.2011.log 成功
2011-Dec-27 16:26:08.021657 D Log 日志系统初始化
2011-Dec-27 16:26:08.026840 D Net TCP服务启动成功 6061
2011-Dec-27 16:26:11.879052 L Signal 捕获信号 2
2011-Dec-27 16:26:11.9426252011-Dec-27 16:26:11.973130 D Conn 连接被回收
2011-Dec-27 16:26:12.149740 D Log 日志系统关闭
2011-Dec-27 16:26:41.375801 D Log 打开日志文件 logs/27.12.2011.log 成功
2011-Dec-27 16:26:41.559937 D Log 日志系统初始化
2011-Dec-27 16:26:41.564665 D Net TCP服务启动成功 6061
2011-Dec-27 16:26:45.942517 L Signal 捕获信号 2
2011-Dec-27 16:26:46.014906 D Net 网络从线程 0 [0x40ec6b8] 退出
2011-Dec-27 16:26:46.024145 D Net 网络从线程 1 [0x40ec9e8] 退出
2011-Dec-27 16:26:46.027981 D Net 网络从线程 2 [0x40ecf98] 退出
2011-Dec-27 16:26:46.113596 D Conn 连接被回收
2011-Dec-27 16:26:46.309848 D Log 日志系统关闭
2011-Dec-27 16:26:55.977459 D Log 打开日志文件 logs/27.12.2011.log 成功
2011-Dec-27 16:26:56.158639 D Log 日志系统初始化
2011-Dec-27 16:26:56.163521 D Net TCP服务启动成功 6061
2011-Dec-27 16:27:01.381236 L Signal 捕获信号 2
2011-Dec-27 16:27:01.469107 D Conn 连接被回收
2011-Dec-27 16:27:01.5943762011-Dec-27 16:27:01.653305 D Net 网络从线程 0 [0x40ec6b8] 退出
2011-Dec-27 16:27:01.663263 D Net 网络从线程 1 [0x40ec9e8] 退出
2011-Dec-27 16:27:01.689407 D Net 网络从线程 2 [0x40ecfd0] 退出
 D Log 日志系统关闭
2011-Dec-27 16:27:09.815679 D Log 打开日志文件 logs/27.12.2011.log 成功
2011-Dec-27 16:27:10.006120 D Log 日志系统初始化
2011-Dec-27 16:27:10.012657 D Net TCP服务启动成功 6061
2011-Dec-27 16:27:17.430074 L Signal 捕获信号 2
2011-Dec-27 16:27:17.527063 D Conn 连接被回收
2011-Dec-27 16:27:17.652018 D Log 日志系统关闭
2011-Dec-27 16:30:37.596694 D Log 打开日志文件 logs/27.12.2011.log 成功
2011-Dec-27 16:30:37.774896 D Log 日志系统初始化
2011-Dec-27 16:30:37.779785 D Net TCP服务启动成功 6061
2011-Dec-27 16:30:51.716012 L Signal 捕获信号 2
2011-Dec-27 16:30:51.778730 D Net 网络从线程 0 [0x40ec6b8] 退出
2011-Dec-27 16:30:51.783796 D Net 网络从线程 1 [0x40ecfc8] 退出
2011-Dec-27 16:30:51.787570 D Net 网络从线程 2 [0x40ed300] 退出
2011-Dec-27 16:30:51.889640 D Conn 连接被回收
2011-Dec-27 16:30:52.087903 D Log 日志系统关闭
2011-Dec-27 16:30:59.866294 D Log 打开日志文件 logs/27.12.2011.log 成功
2011-Dec-27 16:31:00.047987 D Log 日志系统初始化
2011-Dec-27 16:31:00.058061 D Net TCP服务启动成功 6061
2011-Dec-27 16:31:02.818867 L Signal 捕获信号 2
2011-Dec-27 16:31:02.8816832011-Dec-27 16:31:02.912065 D Conn 连接被回收
2011-Dec-27 16:31:03.090967 D Log 日志系统关闭
